<?xml version="1.0" encoding="UTF-8"?>
<coverage generated="1533019181">
  <project timestamp="1533019181">
    <package name="App\Classes\Pagos\Base">
      <file name="/home/vagrant/claropay/api/app/Classes/Pagos/Base/Afiliacion.php">
        <class name="App\Classes\Pagos\Base\Afiliacion" namespace="App\Classes\Pagos\Base">
          <metrics complexity="0" methods="0" coveredmethods="0" conditionals="0" coveredconditionals="0" statements="0" coveredstatements="0" elements="0" coveredelements="0"/>
        </class>
        <metrics loc="85" ncloc="0" classes="0" methods="0" coveredmethods="0" conditionals="0" coveredconditionals="0" statements="0" coveredstatements="0" elements="0" coveredelements="0"/>
      </file>
      <file name="/home/vagrant/claropay/api/app/Classes/Pagos/Base/Contacto.php">
        <class name="App\Classes\Pagos\Base\Contacto" namespace="App\Classes\Pagos\Base">
          <metrics complexity="2" methods="2" coveredmethods="0" conditionals="0" coveredconditionals="0" statements="4" coveredstatements="0" elements="6" coveredelements="0"/>
        </class>
        <line num="74" type="method" name="setDireccionAttribute" visibility="public" complexity="1" crap="2.00" count="0"/>
        <line num="76" type="stmt" count="0"/>
        <line num="77" type="stmt" count="0"/>
        <line num="85" type="method" name="setTelefonoAttribute" visibility="public" complexity="1" crap="2.00" count="0"/>
        <line num="87" type="stmt" count="0"/>
        <line num="88" type="stmt" count="0"/>
        <metrics loc="89" ncloc="23" classes="1" methods="2" coveredmethods="0" conditionals="0" coveredconditionals="0" statements="4" coveredstatements="0" elements="6" coveredelements="0"/>
      </file>
      <file name="/home/vagrant/claropay/api/app/Classes/Pagos/Base/Direccion.php">
        <class name="App\Classes\Pagos\Base\Direccion" namespace="App\Classes\Pagos\Base">
          <metrics complexity="6" methods="5" coveredmethods="3" conditionals="0" coveredconditionals="0" statements="15" coveredstatements="12" elements="20" coveredelements="15"/>
        </class>
        <line num="83" type="method" name="validaDatos" visibility="private" complexity="2" crap="2.03" count="1"/>
        <line num="86" type="stmt" count="1"/>
        <line num="87" type="stmt" count="1"/>
        <line num="98" type="stmt" count="1"/>
        <line num="99" type="stmt" count="0"/>
        <line num="101" type="stmt" count="1"/>
        <line num="115" type="method" name="__construct" visibility="public" complexity="1" crap="1" count="1"/>
        <line num="118" type="stmt" count="1"/>
        <line num="120" type="stmt" count="1"/>
        <line num="122" type="stmt" count="1"/>
        <line num="123" type="stmt" count="1"/>
        <line num="131" type="method" name="setPaisAttribute" visibility="public" complexity="1" crap="1" count="1"/>
        <line num="133" type="stmt" count="1"/>
        <line num="134" type="stmt" count="1"/>
        <line num="142" type="method" name="setEstadoAttribute" visibility="public" complexity="1" crap="1" count="1"/>
        <line num="144" type="stmt" count="1"/>
        <line num="145" type="stmt" count="1"/>
        <line num="153" type="method" name="setTelefonoAttribute" visibility="public" complexity="1" crap="2.00" count="0"/>
        <line num="155" type="stmt" count="0"/>
        <line num="156" type="stmt" count="0"/>
        <metrics loc="159" ncloc="46" classes="1" methods="5" coveredmethods="3" conditionals="0" coveredconditionals="0" statements="15" coveredstatements="12" elements="20" coveredelements="15"/>
      </file>
      <file name="/home/vagrant/claropay/api/app/Classes/Pagos/Base/Error.php">
        <class name="App\Classes\Pagos\Base\Error" namespace="App\Classes\Pagos\Base">
          <metrics complexity="0" methods="0" coveredmethods="0" conditionals="0" coveredconditionals="0" statements="0" coveredstatements="0" elements="0" coveredelements="0"/>
        </class>
        <metrics loc="64" ncloc="23" classes="0" methods="0" coveredmethods="0" conditionals="0" coveredconditionals="0" statements="0" coveredstatements="0" elements="0" coveredelements="0"/>
      </file>
      <file name="/home/vagrant/claropay/api/app/Classes/Pagos/Base/Pedido.php">
        <class name="App\Classes\Pagos\Base\Pedido" namespace="App\Classes\Pagos\Base">
          <metrics complexity="2" methods="2" coveredmethods="0" conditionals="0" coveredconditionals="0" statements="6" coveredstatements="0" elements="8" coveredelements="0"/>
        </class>
        <line num="76" type="method" name="__construct" visibility="public" complexity="1" crap="2.00" count="0"/>
        <line num="79" type="stmt" count="0"/>
        <line num="80" type="stmt" count="0"/>
        <line num="84" type="stmt" count="0"/>
        <line num="85" type="stmt" count="0"/>
        <line num="98" type="method" name="setDireccionEnvioAttribute" visibility="public" complexity="1" crap="2.00" count="0"/>
        <line num="100" type="stmt" count="0"/>
        <line num="101" type="stmt" count="0"/>
        <metrics loc="102" ncloc="18" classes="1" methods="2" coveredmethods="0" conditionals="0" coveredconditionals="0" statements="6" coveredstatements="0" elements="8" coveredelements="0"/>
      </file>
      <file name="/home/vagrant/claropay/api/app/Classes/Pagos/Base/PlanPago.php">
        <class name="App\Classes\Pagos\Base\PlanPago" namespace="App\Classes\Pagos\Base">
          <metrics complexity="3" methods="2" coveredmethods="0" conditionals="0" coveredconditionals="0" statements="6" coveredstatements="0" elements="8" coveredelements="0"/>
        </class>
        <line num="93" type="method" name="__construct" visibility="public" complexity="1" crap="2.00" count="0"/>
        <line num="98" type="stmt" count="0"/>
        <line num="99" type="stmt" count="0"/>
        <line num="108" type="method" name="valida" visibility="public" complexity="2" crap="6.00" count="0"/>
        <line num="110" type="stmt" count="0"/>
        <line num="111" type="stmt" count="0"/>
        <line num="112" type="stmt" count="0"/>
        <line num="114" type="stmt" count="0"/>
        <metrics loc="130" ncloc="43" classes="1" methods="2" coveredmethods="0" conditionals="0" coveredconditionals="0" statements="6" coveredstatements="0" elements="8" coveredelements="0"/>
      </file>
      <file name="/home/vagrant/claropay/api/app/Classes/Pagos/Base/Telefono.php">
        <class name="App\Classes\Pagos\Base\Telefono" namespace="App\Classes\Pagos\Base">
          <metrics complexity="7" methods="2" coveredmethods="0" conditionals="0" coveredconditionals="0" statements="15" coveredstatements="6" elements="17" coveredelements="6"/>
        </class>
        <line num="84" type="method" name="setTipoAttribute" visibility="public" complexity="6" crap="12.72" count="1"/>
        <line num="87" type="stmt" count="1"/>
        <line num="88" type="stmt" count="0"/>
        <line num="91" type="stmt" count="1"/>
        <line num="93" type="stmt" count="1"/>
        <line num="94" type="stmt" count="1"/>
        <line num="95" type="stmt" count="1"/>
        <line num="96" type="stmt" count="1"/>
        <line num="100" type="stmt" count="0"/>
        <line num="101" type="stmt" count="0"/>
        <line num="102" type="stmt" count="0"/>
        <line num="103" type="stmt" count="0"/>
        <line num="106" type="stmt" count="0"/>
        <line num="107" type="stmt" count="0"/>
        <line num="108" type="stmt" count="0"/>
        <line num="115" type="method" name="getTiposAttribute" visibility="public" complexity="1" crap="2.00" count="0"/>
        <line num="117" type="stmt" count="0"/>
        <metrics loc="118" ncloc="47" classes="1" methods="2" coveredmethods="0" conditionals="0" coveredconditionals="0" statements="15" coveredstatements="6" elements="17" coveredelements="6"/>
      </file>
    </package>
    <package name="App\Classes\Pagos\Medios">
      <file name="/home/vagrant/claropay/api/app/Classes/Pagos/Medios/TarjetaCredito.php">
        <class name="App\Classes\Pagos\Medios\TarjetaCredito" namespace="App\Classes\Pagos\Medios">
          <metrics complexity="29" methods="12" coveredmethods="0" conditionals="0" coveredconditionals="0" statements="52" coveredstatements="0" elements="64" coveredelements="0"/>
        </class>
        <line num="112" type="method" name="defineMarca" visibility="private" complexity="3" crap="12.00" count="0"/>
        <line num="116" type="stmt" count="0"/>
        <line num="129" type="stmt" count="0"/>
        <line num="130" type="stmt" count="0"/>
        <line num="131" type="stmt" count="0"/>
        <line num="134" type="stmt" count="0"/>
        <line num="143" type="method" name="esLuhnValido" visibility="private" complexity="3" crap="12.00" count="0"/>
        <line num="145" type="stmt" count="0"/>
        <line num="147" type="stmt" count="0"/>
        <line num="148" type="stmt" count="0"/>
        <line num="151" type="stmt" count="0"/>
        <line num="161" type="method" name="formateaAnio" visibility="private" complexity="6" crap="42.00" count="0"/>
        <line num="164" type="stmt" count="0"/>
        <line num="165" type="stmt" count="0"/>
        <line num="166" type="stmt" count="0"/>
        <line num="169" type="stmt" count="0"/>
        <line num="171" type="stmt" count="0"/>
        <line num="172" type="stmt" count="0"/>
        <line num="174" type="stmt" count="0"/>
        <line num="176" type="stmt" count="0"/>
        <line num="187" type="method" name="formateaMes" visibility="private" complexity="5" crap="30.00" count="0"/>
        <line num="190" type="stmt" count="0"/>
        <line num="191" type="stmt" count="0"/>
        <line num="192" type="stmt" count="0"/>
        <line num="195" type="stmt" count="0"/>
        <line num="210" type="method" name="__construct" visibility="public" complexity="1" crap="2.00" count="0"/>
        <line num="215" type="stmt" count="0"/>
        <line num="217" type="stmt" count="0"/>
        <line num="219" type="stmt" count="0"/>
        <line num="220" type="stmt" count="0"/>
        <line num="229" type="method" name="valida" visibility="public" complexity="2" crap="6.00" count="0"/>
        <line num="231" type="stmt" count="0"/>
        <line num="232" type="stmt" count="0"/>
        <line num="233" type="stmt" count="0"/>
        <line num="235" type="stmt" count="0"/>
        <line num="246" type="method" name="setPanAttribute" visibility="public" complexity="4" crap="20.00" count="0"/>
        <line num="249" type="stmt" count="0"/>
        <line num="251" type="stmt" count="0"/>
        <line num="252" type="stmt" count="0"/>
        <line num="253" type="stmt" count="0"/>
        <line num="255" type="stmt" count="0"/>
        <line num="256" type="stmt" count="0"/>
        <line num="259" type="stmt" count="0"/>
        <line num="261" type="stmt" count="0"/>
        <line num="263" type="stmt" count="0"/>
        <line num="265" type="stmt" count="0"/>
        <line num="267" type="stmt" count="0"/>
        <line num="269" type="stmt" count="0"/>
        <line num="270" type="stmt" count="0"/>
        <line num="279" type="method" name="setInicioAnioAttribute" visibility="public" complexity="1" crap="2.00" count="0"/>
        <line num="282" type="stmt" count="0"/>
        <line num="283" type="stmt" count="0"/>
        <line num="292" type="method" name="setExpiracionAnioAttribute" visibility="public" complexity="1" crap="2.00" count="0"/>
        <line num="295" type="stmt" count="0"/>
        <line num="296" type="stmt" count="0"/>
        <line num="305" type="method" name="setInicioMesAttribute" visibility="public" complexity="1" crap="2.00" count="0"/>
        <line num="308" type="stmt" count="0"/>
        <line num="309" type="stmt" count="0"/>
        <line num="318" type="method" name="setExpiracionMesAttribute" visibility="public" complexity="1" crap="2.00" count="0"/>
        <line num="321" type="stmt" count="0"/>
        <line num="322" type="stmt" count="0"/>
        <line num="328" type="method" name="setDireccionAttribute" visibility="public" complexity="1" crap="2.00" count="0"/>
        <line num="330" type="stmt" count="0"/>
        <line num="331" type="stmt" count="0"/>
        <metrics loc="335" ncloc="115" classes="1" methods="12" coveredmethods="0" conditionals="0" coveredconditionals="0" statements="52" coveredstatements="0" elements="64" coveredelements="0"/>
      </file>
    </package>
    <package name="App\Classes\Pagos\Parametros">
      <file name="/home/vagrant/claropay/api/app/Classes/Pagos/Parametros/PeticionAntifraude.php">
        <class name="App\Classes\Pagos\Parametros\PeticionAntifraude" namespace="App\Classes\Pagos\Parametros">
          <metrics complexity="6" methods="5" coveredmethods="0" conditionals="0" coveredconditionals="0" statements="14" coveredstatements="0" elements="19" coveredelements="0"/>
        </class>
        <line num="97" type="method" name="__construct" visibility="public" complexity="1" crap="2.00" count="0"/>
        <line num="100" type="stmt" count="0"/>
        <line num="102" type="stmt" count="0"/>
        <line num="104" type="stmt" count="0"/>
        <line num="105" type="stmt" count="0"/>
        <line num="114" type="method" name="valida" visibility="public" complexity="2" crap="6.00" count="0"/>
        <line num="116" type="stmt" count="0"/>
        <line num="117" type="stmt" count="0"/>
        <line num="118" type="stmt" count="0"/>
        <line num="120" type="stmt" count="0"/>
        <line num="130" type="method" name="setTarjetaAttribute" visibility="public" complexity="1" crap="2.00" count="0"/>
        <line num="132" type="stmt" count="0"/>
        <line num="133" type="stmt" count="0"/>
        <line num="141" type="method" name="setClienteAttribute" visibility="public" complexity="1" crap="2.00" count="0"/>
        <line num="143" type="stmt" count="0"/>
        <line num="144" type="stmt" count="0"/>
        <line num="152" type="method" name="setPedidoAttribute" visibility="public" complexity="1" crap="2.00" count="0"/>
        <line num="154" type="stmt" count="0"/>
        <line num="155" type="stmt" count="0"/>
        <metrics loc="157" ncloc="54" classes="1" methods="5" coveredmethods="0" conditionals="0" coveredconditionals="0" statements="14" coveredstatements="0" elements="19" coveredelements="0"/>
      </file>
      <file name="/home/vagrant/claropay/api/app/Classes/Pagos/Parametros/PeticionCargo.php">
        <class name="App\Classes\Pagos\Parametros\PeticionCargo" namespace="App\Classes\Pagos\Parametros">
          <metrics complexity="7" methods="6" coveredmethods="0" conditionals="0" coveredconditionals="0" statements="17" coveredstatements="0" elements="23" coveredelements="0"/>
        </class>
        <line num="107" type="method" name="__construct" visibility="public" complexity="1" crap="2.00" count="0"/>
        <line num="110" type="stmt" count="0"/>
        <line num="111" type="stmt" count="0"/>
        <line num="113" type="stmt" count="0"/>
        <line num="115" type="stmt" count="0"/>
        <line num="116" type="stmt" count="0"/>
        <line num="125" type="method" name="valida" visibility="public" complexity="2" crap="6.00" count="0"/>
        <line num="127" type="stmt" count="0"/>
        <line num="128" type="stmt" count="0"/>
        <line num="129" type="stmt" count="0"/>
        <line num="131" type="stmt" count="0"/>
        <line num="141" type="method" name="setTarjetaAttribute" visibility="public" complexity="1" crap="2.00" count="0"/>
        <line num="143" type="stmt" count="0"/>
        <line num="144" type="stmt" count="0"/>
        <line num="152" type="method" name="setClienteAttribute" visibility="public" complexity="1" crap="2.00" count="0"/>
        <line num="154" type="stmt" count="0"/>
        <line num="155" type="stmt" count="0"/>
        <line num="163" type="method" name="setPedidoAttribute" visibility="public" complexity="1" crap="2.00" count="0"/>
        <line num="165" type="stmt" count="0"/>
        <line num="166" type="stmt" count="0"/>
        <line num="174" type="method" name="setPlanAttribute" visibility="public" complexity="1" crap="2.00" count="0"/>
        <line num="176" type="stmt" count="0"/>
        <line num="177" type="stmt" count="0"/>
        <metrics loc="179" ncloc="64" classes="1" methods="6" coveredmethods="0" conditionals="0" coveredconditionals="0" statements="17" coveredstatements="0" elements="23" coveredelements="0"/>
      </file>
      <file name="/home/vagrant/claropay/api/app/Classes/Pagos/Parametros/RespuestaAntifraude.php">
        <class name="App\Classes\Pagos\Parametros\Respuestaantifraude" namespace="App\Classes\Pagos\Parametros">
          <metrics complexity="0" methods="0" coveredmethods="0" conditionals="0" coveredconditionals="0" statements="0" coveredstatements="0" elements="0" coveredelements="0"/>
        </class>
        <metrics loc="63" ncloc="13" classes="0" methods="0" coveredmethods="0" conditionals="0" coveredconditionals="0" statements="0" coveredstatements="0" elements="0" coveredelements="0"/>
      </file>
      <file name="/home/vagrant/claropay/api/app/Classes/Pagos/Parametros/RespuestaCargo.php">
        <class name="App\Classes\Pagos\Parametros\RespuestaCargo" namespace="App\Classes\Pagos\Parametros">
          <metrics complexity="0" methods="0" coveredmethods="0" conditionals="0" coveredconditionals="0" statements="0" coveredstatements="0" elements="0" coveredelements="0"/>
        </class>
        <metrics loc="64" ncloc="12" classes="0" methods="0" coveredmethods="0" conditionals="0" coveredconditionals="0" statements="0" coveredstatements="0" elements="0" coveredelements="0"/>
      </file>
    </package>
    <package name="App\Classes\Pagos\Procesadores">
      <file name="/home/vagrant/claropay/api/app/Classes/Pagos/Procesadores/AbstractProcesador.php">
        <class name="App\Classes\Pagos\Procesadores\AbstractProcesador" namespace="App\Classes\Pagos\Procesadores">
          <metrics complexity="10" methods="10" coveredmethods="0" conditionals="0" coveredconditionals="0" statements="14" coveredstatements="0" elements="24" coveredelements="0"/>
        </class>
        <line num="41" type="method" name="inicializa" visibility="private" complexity="1" crap="2.00" count="0"/>
        <line num="44" type="stmt" count="0"/>
        <line num="46" type="stmt" count="0"/>
        <line num="47" type="stmt" count="0"/>
        <line num="65" type="method" name="setParametros" visibility="public" complexity="1" crap="2.00" count="0"/>
        <line num="68" type="stmt" count="0"/>
        <line num="70" type="stmt" count="0"/>
        <line num="78" type="method" name="getParametros" visibility="public" complexity="1" crap="2.00" count="0"/>
        <line num="80" type="stmt" count="0"/>
        <line num="90" type="method" name="setParametro" visibility="public" complexity="1" crap="2.00" count="0"/>
        <line num="93" type="stmt" count="0"/>
        <line num="95" type="stmt" count="0"/>
        <line num="105" type="method" name="getParametro" visibility="public" complexity="1" crap="2.00" count="0"/>
        <line num="107" type="stmt" count="0"/>
        <line num="116" type="method" name="puedeCargar" visibility="public" complexity="1" crap="2.00" count="0"/>
        <line num="118" type="stmt" count="0"/>
        <line num="126" type="method" name="puedePreautorizar" visibility="public" complexity="1" crap="2.00" count="0"/>
        <line num="128" type="stmt" count="0"/>
        <line num="136" type="method" name="puedeConfirmar" visibility="public" complexity="1" crap="2.00" count="0"/>
        <line num="138" type="stmt" count="0"/>
        <line num="146" type="method" name="puedeCancelar" visibility="public" complexity="1" crap="2.00" count="0"/>
        <line num="148" type="stmt" count="0"/>
        <line num="156" type="method" name="puedeDevolver" visibility="public" complexity="1" crap="2.00" count="0"/>
        <line num="158" type="stmt" count="0"/>
        <metrics loc="161" ncloc="56" classes="1" methods="10" coveredmethods="0" conditionals="0" coveredconditionals="0" statements="14" coveredstatements="0" elements="24" coveredelements="0"/>
      </file>
      <file name="/home/vagrant/claropay/api/app/Classes/Pagos/Procesadores/ProcesadorAmex.php">
        <class name="App\Classes\Pagos\Procesadores\ProcesadorAmex" namespace="App\Classes\Pagos\Procesadores">
          <metrics complexity="2" methods="2" coveredmethods="0" conditionals="0" coveredconditionals="0" statements="6" coveredstatements="0" elements="8" coveredelements="0"/>
        </class>
        <line num="61" type="method" name="inicializa" visibility="private" complexity="1" crap="2.00" count="0"/>
        <line num="65" type="stmt" count="0"/>
        <line num="66" type="stmt" count="0"/>
        <line num="69" type="stmt" count="0"/>
        <line num="72" type="stmt" count="0"/>
        <line num="89" type="method" name="carga" visibility="public" complexity="1" crap="2.00" count="0"/>
        <line num="92" type="stmt" count="0"/>
        <line num="93" type="stmt" count="0"/>
        <metrics loc="95" ncloc="33" classes="1" methods="2" coveredmethods="0" conditionals="0" coveredconditionals="0" statements="6" coveredstatements="0" elements="8" coveredelements="0"/>
      </file>
      <file name="/home/vagrant/claropay/api/app/Classes/Pagos/Procesadores/ProcesadorEjemplo.php">
        <class name="App\Classes\Pagos\Procesadores\ProcesadorEjemplo" namespace="App\Classes\Pagos\Procesadores">
          <metrics complexity="2" methods="2" coveredmethods="0" conditionals="0" coveredconditionals="0" statements="6" coveredstatements="0" elements="8" coveredelements="0"/>
        </class>
        <line num="60" type="method" name="inicializa" visibility="private" complexity="1" crap="2.00" count="0"/>
        <line num="64" type="stmt" count="0"/>
        <line num="65" type="stmt" count="0"/>
        <line num="68" type="stmt" count="0"/>
        <line num="71" type="stmt" count="0"/>
        <line num="88" type="method" name="carga" visibility="public" complexity="1" crap="2.00" count="0"/>
        <line num="91" type="stmt" count="0"/>
        <line num="92" type="stmt" count="0"/>
        <metrics loc="94" ncloc="32" classes="1" methods="2" coveredmethods="0" conditionals="0" coveredconditionals="0" statements="6" coveredstatements="0" elements="8" coveredelements="0"/>
      </file>
    </package>
    <package name="App\Classes\Pagos\Procesadores\Amex">
      <file name="/home/vagrant/claropay/api/app/Classes/Pagos/Procesadores/Amex/GHDC.php">
        <class name="App\Classes\Pagos\Procesadores\Amex\GHDC" namespace="App\Classes\Pagos\Procesadores\Amex">
          <metrics complexity="10" methods="5" coveredmethods="0" conditionals="0" coveredconditionals="0" statements="62" coveredstatements="0" elements="67" coveredelements="0"/>
        </class>
        <line num="116" type="method" name="__construct" visibility="public" complexity="1" crap="2.00" count="0"/>
        <line num="119" type="stmt" count="0"/>
        <line num="121" type="stmt" count="0"/>
        <line num="122" type="stmt" count="0"/>
        <line num="128" type="method" name="formatAdditionalDataNational" visibility="public" complexity="1" crap="2.00" count="0"/>
        <line num="131" type="stmt" count="0"/>
        <line num="133" type="stmt" count="0"/>
        <line num="135" type="stmt" count="0"/>
        <line num="137" type="stmt" count="0"/>
        <line num="139" type="stmt" count="0"/>
        <line num="141" type="stmt" count="0"/>
        <line num="143" type="stmt" count="0"/>
        <line num="145" type="stmt" count="0"/>
        <line num="147" type="stmt" count="0"/>
        <line num="149" type="stmt" count="0"/>
        <line num="151" type="stmt" count="0"/>
        <line num="153" type="stmt" count="0"/>
        <line num="155" type="stmt" count="0"/>
        <line num="157" type="stmt" count="0"/>
        <line num="159" type="stmt" count="0"/>
        <line num="161" type="stmt" count="0"/>
        <line num="163" type="stmt" count="0"/>
        <line num="165" type="stmt" count="0"/>
        <line num="167" type="stmt" count="0"/>
        <line num="169" type="stmt" count="0"/>
        <line num="171" type="stmt" count="0"/>
        <line num="173" type="stmt" count="0"/>
        <line num="175" type="stmt" count="0"/>
        <line num="177" type="stmt" count="0"/>
        <line num="184" type="method" name="formatAdditionalDataPrivate" visibility="public" complexity="1" crap="2.00" count="0"/>
        <line num="187" type="stmt" count="0"/>
        <line num="189" type="stmt" count="0"/>
        <line num="191" type="stmt" count="0"/>
        <line num="198" type="method" name="formatPrivateUseData" visibility="public" complexity="5" crap="30.00" count="0"/>
        <line num="201" type="stmt" count="0"/>
        <line num="203" type="stmt" count="0"/>
        <line num="206" type="stmt" count="0"/>
        <line num="208" type="stmt" count="0"/>
        <line num="209" type="stmt" count="0"/>
        <line num="210" type="stmt" count="0"/>
        <line num="212" type="stmt" count="0"/>
        <line num="214" type="stmt" count="0"/>
        <line num="216" type="stmt" count="0"/>
        <line num="217" type="stmt" count="0"/>
        <line num="218" type="stmt" count="0"/>
        <line num="220" type="stmt" count="0"/>
        <line num="222" type="stmt" count="0"/>
        <line num="225" type="stmt" count="0"/>
        <line num="227" type="stmt" count="0"/>
        <line num="228" type="stmt" count="0"/>
        <line num="229" type="stmt" count="0"/>
        <line num="231" type="stmt" count="0"/>
        <line num="233" type="stmt" count="0"/>
        <line num="235" type="stmt" count="0"/>
        <line num="236" type="stmt" count="0"/>
        <line num="237" type="stmt" count="0"/>
        <line num="239" type="stmt" count="0"/>
        <line num="241" type="stmt" count="0"/>
        <line num="243" type="stmt" count="0"/>
        <line num="245" type="stmt" count="0"/>
        <line num="253" type="method" name="generateSystemsTraceAuditNumber" visibility="public" complexity="2" crap="6.00" count="0"/>
        <line num="258" type="stmt" count="0"/>
        <line num="259" type="stmt" count="0"/>
        <line num="260" type="stmt" count="0"/>
        <line num="261" type="stmt" count="0"/>
        <line num="262" type="stmt" count="0"/>
        <line num="264" type="stmt" count="0"/>
        <metrics loc="267" ncloc="116" classes="1" methods="5" coveredmethods="0" conditionals="0" coveredconditionals="0" statements="62" coveredstatements="0" elements="67" coveredelements="0"/>
      </file>
      <file name="/home/vagrant/claropay/api/app/Classes/Pagos/Procesadores/Amex/InternetDirect.php">
        <class name="App\Classes\Pagos\Procesadores\Amex\InternetDirect" namespace="App\Classes\Pagos\Procesadores\Amex">
          <metrics complexity="27" methods="11" coveredmethods="0" conditionals="0" coveredconditionals="0" statements="173" coveredstatements="0" elements="184" coveredelements="0"/>
        </class>
        <line num="50" type="method" name="getDefaultHttpClient" visibility="protected" complexity="1" crap="2.00" count="0"/>
        <line num="52" type="stmt" count="0"/>
        <line num="60" type="method" name="getDefaultGhdcMessage" visibility="protected" complexity="1" crap="2.00" count="0"/>
        <line num="62" type="stmt" count="0"/>
        <line num="74" type="method" name="sendData" visibility="private" complexity="4" crap="20.00" count="0"/>
        <line num="77" type="stmt" count="0"/>
        <line num="78" type="stmt" count="0"/>
        <line num="79" type="stmt" count="0"/>
        <line num="80" type="stmt" count="0"/>
        <line num="81" type="stmt" count="0"/>
        <line num="84" type="stmt" count="0"/>
        <line num="87" type="stmt" count="0"/>
        <line num="88" type="stmt" count="0"/>
        <line num="89" type="stmt" count="0"/>
        <line num="90" type="stmt" count="0"/>
        <line num="91" type="stmt" count="0"/>
        <line num="92" type="stmt" count="0"/>
        <line num="93" type="stmt" count="0"/>
        <line num="94" type="stmt" count="0"/>
        <line num="95" type="stmt" count="0"/>
        <line num="96" type="stmt" count="0"/>
        <line num="97" type="stmt" count="0"/>
        <line num="98" type="stmt" count="0"/>
        <line num="99" type="stmt" count="0"/>
        <line num="101" type="stmt" count="0"/>
        <line num="102" type="stmt" count="0"/>
        <line num="107" type="stmt" count="0"/>
        <line num="110" type="stmt" count="0"/>
        <line num="111" type="stmt" count="0"/>
        <line num="112" type="stmt" count="0"/>
        <line num="113" type="stmt" count="0"/>
        <line num="115" type="stmt" count="0"/>
        <line num="116" type="stmt" count="0"/>
        <line num="117" type="stmt" count="0"/>
        <line num="119" type="stmt" count="0"/>
        <line num="121" type="stmt" count="0"/>
        <line num="128" type="stmt" count="0"/>
        <line num="129" type="stmt" count="0"/>
        <line num="130" type="stmt" count="0"/>
        <line num="134" type="stmt" count="0"/>
        <line num="135" type="stmt" count="0"/>
        <line num="136" type="stmt" count="0"/>
        <line num="140" type="stmt" count="0"/>
        <line num="141" type="stmt" count="0"/>
        <line num="142" type="stmt" count="0"/>
        <line num="148" type="stmt" count="0"/>
        <line num="166" type="method" name="__construct" visibility="public" complexity="1" crap="2.00" count="0"/>
        <line num="168" type="stmt" count="0"/>
        <line num="169" type="stmt" count="0"/>
        <line num="171" type="stmt" count="0"/>
        <line num="173" type="stmt" count="0"/>
        <line num="174" type="stmt" count="0"/>
        <line num="179" type="method" name="sendAAV" visibility="public" complexity="1" crap="2.00" count="0"/>
        <line num="183" type="stmt" count="0"/>
        <line num="184" type="stmt" count="0"/>
        <line num="187" type="stmt" count="0"/>
        <line num="190" type="stmt" count="0"/>
        <line num="192" type="stmt" count="0"/>
        <line num="198" type="method" name="sendTransactionAAV" visibility="public" complexity="1" crap="2.00" count="0"/>
        <line num="202" type="stmt" count="0"/>
        <line num="203" type="stmt" count="0"/>
        <line num="206" type="stmt" count="0"/>
        <line num="209" type="stmt" count="0"/>
        <line num="211" type="stmt" count="0"/>
        <line num="217" type="method" name="sendAuthorization" visibility="public" complexity="1" crap="2.00" count="0"/>
        <line num="221" type="stmt" count="0"/>
        <line num="222" type="stmt" count="0"/>
        <line num="225" type="stmt" count="0"/>
        <line num="228" type="stmt" count="0"/>
        <line num="231" type="stmt" count="0"/>
        <line num="237" type="method" name="sendTransaction" visibility="public" complexity="1" crap="2.00" count="0"/>
        <line num="241" type="stmt" count="0"/>
        <line num="242" type="stmt" count="0"/>
        <line num="245" type="stmt" count="0"/>
        <line num="248" type="stmt" count="0"/>
        <line num="251" type="stmt" count="0"/>
        <line num="259" type="method" name="sendRefund" visibility="public" complexity="1" crap="2.00" count="0"/>
        <line num="263" type="stmt" count="0"/>
        <line num="265" type="stmt" count="0"/>
        <line num="268" type="stmt" count="0"/>
        <line num="271" type="stmt" count="0"/>
        <line num="274" type="stmt" count="0"/>
        <line num="282" type="method" name="sendReversal" visibility="public" complexity="1" crap="2.00" count="0"/>
        <line num="286" type="stmt" count="0"/>
        <line num="290" type="stmt" count="0"/>
        <line num="293" type="stmt" count="0"/>
        <line num="297" type="stmt" count="0"/>
        <line num="300" type="stmt" count="0"/>
        <line num="306" type="method" name="sendMessage" visibility="public" complexity="14" crap="210.00" count="0"/>
        <line num="310" type="stmt" count="0"/>
        <line num="311" type="stmt" count="0"/>
        <line num="314" type="stmt" count="0"/>
        <line num="316" type="stmt" count="0"/>
        <line num="319" type="stmt" count="0"/>
        <line num="323" type="stmt" count="0"/>
        <line num="326" type="stmt" count="0"/>
        <line num="327" type="stmt" count="0"/>
        <line num="328" type="stmt" count="0"/>
        <line num="332" type="stmt" count="0"/>
        <line num="333" type="stmt" count="0"/>
        <line num="335" type="stmt" count="0"/>
        <line num="336" type="stmt" count="0"/>
        <line num="339" type="stmt" count="0"/>
        <line num="342" type="stmt" count="0"/>
        <line num="343" type="stmt" count="0"/>
        <line num="344" type="stmt" count="0"/>
        <line num="345" type="stmt" count="0"/>
        <line num="346" type="stmt" count="0"/>
        <line num="347" type="stmt" count="0"/>
        <line num="351" type="stmt" count="0"/>
        <line num="352" type="stmt" count="0"/>
        <line num="354" type="stmt" count="0"/>
        <line num="355" type="stmt" count="0"/>
        <line num="356" type="stmt" count="0"/>
        <line num="357" type="stmt" count="0"/>
        <line num="358" type="stmt" count="0"/>
        <line num="359" type="stmt" count="0"/>
        <line num="362" type="stmt" count="0"/>
        <line num="363" type="stmt" count="0"/>
        <line num="364" type="stmt" count="0"/>
        <line num="365" type="stmt" count="0"/>
        <line num="366" type="stmt" count="0"/>
        <line num="367" type="stmt" count="0"/>
        <line num="368" type="stmt" count="0"/>
        <line num="375" type="stmt" count="0"/>
        <line num="376" type="stmt" count="0"/>
        <line num="377" type="stmt" count="0"/>
        <line num="378" type="stmt" count="0"/>
        <line num="379" type="stmt" count="0"/>
        <line num="381" type="stmt" count="0"/>
        <line num="382" type="stmt" count="0"/>
        <line num="383" type="stmt" count="0"/>
        <line num="384" type="stmt" count="0"/>
        <line num="385" type="stmt" count="0"/>
        <line num="386" type="stmt" count="0"/>
        <line num="388" type="stmt" count="0"/>
        <line num="391" type="stmt" count="0"/>
        <line num="392" type="stmt" count="0"/>
        <line num="393" type="stmt" count="0"/>
        <line num="395" type="stmt" count="0"/>
        <line num="399" type="stmt" count="0"/>
        <line num="400" type="stmt" count="0"/>
        <line num="401" type="stmt" count="0"/>
        <line num="402" type="stmt" count="0"/>
        <line num="403" type="stmt" count="0"/>
        <line num="406" type="stmt" count="0"/>
        <line num="410" type="stmt" count="0"/>
        <line num="411" type="stmt" count="0"/>
        <line num="412" type="stmt" count="0"/>
        <line num="413" type="stmt" count="0"/>
        <line num="416" type="stmt" count="0"/>
        <line num="417" type="stmt" count="0"/>
        <line num="419" type="stmt" count="0"/>
        <line num="420" type="stmt" count="0"/>
        <line num="421" type="stmt" count="0"/>
        <line num="423" type="stmt" count="0"/>
        <line num="424" type="stmt" count="0"/>
        <line num="427" type="stmt" count="0"/>
        <line num="428" type="stmt" count="0"/>
        <line num="429" type="stmt" count="0"/>
        <line num="430" type="stmt" count="0"/>
        <line num="431" type="stmt" count="0"/>
        <line num="432" type="stmt" count="0"/>
        <line num="433" type="stmt" count="0"/>
        <line num="441" type="stmt" count="0"/>
        <line num="443" type="stmt" count="0"/>
        <line num="445" type="stmt" count="0"/>
        <line num="446" type="stmt" count="0"/>
        <line num="447" type="stmt" count="0"/>
        <line num="448" type="stmt" count="0"/>
        <line num="452" type="stmt" count="0"/>
        <line num="453" type="stmt" count="0"/>
        <line num="456" type="stmt" count="0"/>
        <line num="457" type="stmt" count="0"/>
        <line num="458" type="stmt" count="0"/>
        <line num="459" type="stmt" count="0"/>
        <line num="460" type="stmt" count="0"/>
        <line num="461" type="stmt" count="0"/>
        <line num="462" type="stmt" count="0"/>
        <line num="463" type="stmt" count="0"/>
        <line num="464" type="stmt" count="0"/>
        <line num="465" type="stmt" count="0"/>
        <line num="466" type="stmt" count="0"/>
        <line num="470" type="stmt" count="0"/>
        <metrics loc="474" ncloc="224" classes="1" methods="11" coveredmethods="0" conditionals="0" coveredconditionals="0" statements="173" coveredstatements="0" elements="184" coveredelements="0"/>
      </file>
    </package>
    <package name="App\Classes\Pagos\Procesadores\Bbva">
      <file name="/home/vagrant/claropay/api/app/Classes/Pagos/Procesadores/Bbva/Interred.php">
        <class name="App\Classes\Pagos\Procesadores\Bbva\Interred" namespace="App\Classes\Pagos\Procesadores\Bbva">
          <metrics complexity="43" methods="22" coveredmethods="0" conditionals="0" coveredconditionals="0" statements="206" coveredstatements="0" elements="228" coveredelements="0"/>
        </class>
        <line num="44" type="method" name="getDefaultMensaje" visibility="protected" complexity="1" crap="2.00" count="0"/>
        <line num="46" type="stmt" count="0"/>
        <line num="58" type="method" name="sendData" visibility="private" complexity="1" crap="2.00" count="0"/>
        <line num="60" type="stmt" count="0"/>
        <line num="62" type="method" name="preparaMensaje" visibility="public" complexity="1" crap="2.00" count="0"/>
        <line num="64" type="stmt" count="0"/>
        <line num="65" type="stmt" count="0"/>
        <line num="66" type="stmt" count="0"/>
        <line num="69" type="method" name="isoLength" visibility="private" complexity="1" crap="2.00" count="0"/>
        <line num="71" type="stmt" count="0"/>
        <line num="72" type="stmt" count="0"/>
        <line num="76" type="method" name="mensajeTipoRed" visibility="private" complexity="3" crap="12.00" count="0"/>
        <line num="79" type="stmt" count="0"/>
        <line num="80" type="stmt" count="0"/>
        <line num="81" type="stmt" count="0"/>
        <line num="82" type="stmt" count="0"/>
        <line num="83" type="stmt" count="0"/>
        <line num="84" type="stmt" count="0"/>
        <line num="85" type="stmt" count="0"/>
        <line num="87" type="stmt" count="0"/>
        <line num="88" type="stmt" count="0"/>
        <line num="91" type="stmt" count="0"/>
        <line num="92" type="stmt" count="0"/>
        <line num="95" type="method" name="mensajeTipoCompra" visibility="private" complexity="6" crap="42.00" count="0"/>
        <line num="98" type="stmt" count="0"/>
        <line num="99" type="stmt" count="0"/>
        <line num="100" type="stmt" count="0"/>
        <line num="101" type="stmt" count="0"/>
        <line num="102" type="stmt" count="0"/>
        <line num="103" type="stmt" count="0"/>
        <line num="104" type="stmt" count="0"/>
        <line num="105" type="stmt" count="0"/>
        <line num="106" type="stmt" count="0"/>
        <line num="107" type="stmt" count="0"/>
        <line num="109" type="stmt" count="0"/>
        <line num="112" type="stmt" count="0"/>
        <line num="114" type="stmt" count="0"/>
        <line num="115" type="stmt" count="0"/>
        <line num="116" type="stmt" count="0"/>
        <line num="117" type="stmt" count="0"/>
        <line num="119" type="stmt" count="0"/>
        <line num="120" type="stmt" count="0"/>
        <line num="123" type="stmt" count="0"/>
        <line num="124" type="stmt" count="0"/>
        <line num="125" type="stmt" count="0"/>
        <line num="127" type="stmt" count="0"/>
        <line num="128" type="stmt" count="0"/>
        <line num="129" type="stmt" count="0"/>
        <line num="131" type="stmt" count="0"/>
        <line num="136" type="stmt" count="0"/>
        <line num="137" type="stmt" count="0"/>
        <line num="138" type="stmt" count="0"/>
        <line num="140" type="stmt" count="0"/>
        <line num="141" type="stmt" count="0"/>
        <line num="143" type="stmt" count="0"/>
        <line num="144" type="stmt" count="0"/>
        <line num="145" type="stmt" count="0"/>
        <line num="146" type="stmt" count="0"/>
        <line num="148" type="stmt" count="0"/>
        <line num="151" type="method" name="ascii2hex" visibility="public" complexity="2" crap="6.00" count="0"/>
        <line num="152" type="stmt" count="0"/>
        <line num="153" type="stmt" count="0"/>
        <line num="154" type="stmt" count="0"/>
        <line num="155" type="stmt" count="0"/>
        <line num="156" type="stmt" count="0"/>
        <line num="158" type="stmt" count="0"/>
        <line num="175" type="method" name="__construct" visibility="public" complexity="1" crap="2.00" count="0"/>
        <line num="177" type="stmt" count="0"/>
        <line num="179" type="stmt" count="0"/>
        <line num="181" type="stmt" count="0"/>
        <line num="182" type="stmt" count="0"/>
        <line num="184" type="method" name="procesaMensaje" visibility="public" complexity="1" crap="2.00" count="0"/>
        <line num="187" type="stmt" count="0"/>
        <line num="189" type="stmt" count="0"/>
        <line num="191" type="stmt" count="0"/>
        <line num="193" type="stmt" count="0"/>
        <line num="194" type="stmt" count="0"/>
        <line num="197" type="stmt" count="0"/>
        <line num="198" type="stmt" count="0"/>
        <line num="199" type="stmt" count="0"/>
        <line num="200" type="stmt" count="0"/>
        <line num="201" type="stmt" count="0"/>
        <line num="202" type="stmt" count="0"/>
        <line num="203" type="stmt" count="0"/>
        <line num="205" type="stmt" count="0"/>
        <line num="208" type="method" name="mensajeEcho" visibility="public" complexity="1" crap="2.00" count="0"/>
        <line num="210" type="stmt" count="0"/>
        <line num="213" type="method" name="mensajeSignOn" visibility="public" complexity="1" crap="2.00" count="0"/>
        <line num="215" type="stmt" count="0"/>
        <line num="218" type="method" name="mensajeSignOff" visibility="public" complexity="1" crap="2.00" count="0"/>
        <line num="220" type="stmt" count="0"/>
        <line num="223" type="method" name="mensajeCutoff" visibility="public" complexity="1" crap="2.00" count="0"/>
        <line num="225" type="stmt" count="0"/>
        <line num="228" type="method" name="respuestaSignOn" visibility="public" complexity="1" crap="2.00" count="0"/>
        <line num="230" type="stmt" count="0"/>
        <line num="233" type="method" name="respuestaEcho" visibility="public" complexity="1" crap="2.00" count="0"/>
        <line num="235" type="stmt" count="0"/>
        <line num="241" type="method" name="sendAAV" visibility="public" complexity="1" crap="2.00" count="0"/>
        <line num="245" type="stmt" count="0"/>
        <line num="246" type="stmt" count="0"/>
        <line num="249" type="stmt" count="0"/>
        <line num="252" type="stmt" count="0"/>
        <line num="254" type="stmt" count="0"/>
        <line num="260" type="method" name="sendTransactionAAV" visibility="public" complexity="1" crap="2.00" count="0"/>
        <line num="264" type="stmt" count="0"/>
        <line num="265" type="stmt" count="0"/>
        <line num="268" type="stmt" count="0"/>
        <line num="271" type="stmt" count="0"/>
        <line num="273" type="stmt" count="0"/>
        <line num="279" type="method" name="sendAuthorization" visibility="public" complexity="1" crap="2.00" count="0"/>
        <line num="283" type="stmt" count="0"/>
        <line num="284" type="stmt" count="0"/>
        <line num="287" type="stmt" count="0"/>
        <line num="290" type="stmt" count="0"/>
        <line num="293" type="stmt" count="0"/>
        <line num="299" type="method" name="sendTransaction" visibility="public" complexity="1" crap="2.00" count="0"/>
        <line num="303" type="stmt" count="0"/>
        <line num="304" type="stmt" count="0"/>
        <line num="307" type="stmt" count="0"/>
        <line num="310" type="stmt" count="0"/>
        <line num="313" type="stmt" count="0"/>
        <line num="321" type="method" name="sendRefund" visibility="public" complexity="1" crap="2.00" count="0"/>
        <line num="325" type="stmt" count="0"/>
        <line num="327" type="stmt" count="0"/>
        <line num="330" type="stmt" count="0"/>
        <line num="333" type="stmt" count="0"/>
        <line num="336" type="stmt" count="0"/>
        <line num="344" type="method" name="sendReversal" visibility="public" complexity="1" crap="2.00" count="0"/>
        <line num="348" type="stmt" count="0"/>
        <line num="352" type="stmt" count="0"/>
        <line num="355" type="stmt" count="0"/>
        <line num="359" type="stmt" count="0"/>
        <line num="362" type="stmt" count="0"/>
        <line num="368" type="method" name="sendMessage" visibility="public" complexity="14" crap="210.00" count="0"/>
        <line num="372" type="stmt" count="0"/>
        <line num="373" type="stmt" count="0"/>
        <line num="376" type="stmt" count="0"/>
        <line num="378" type="stmt" count="0"/>
        <line num="384" type="stmt" count="0"/>
        <line num="387" type="stmt" count="0"/>
        <line num="388" type="stmt" count="0"/>
        <line num="389" type="stmt" count="0"/>
        <line num="393" type="stmt" count="0"/>
        <line num="394" type="stmt" count="0"/>
        <line num="396" type="stmt" count="0"/>
        <line num="397" type="stmt" count="0"/>
        <line num="400" type="stmt" count="0"/>
        <line num="403" type="stmt" count="0"/>
        <line num="404" type="stmt" count="0"/>
        <line num="405" type="stmt" count="0"/>
        <line num="406" type="stmt" count="0"/>
        <line num="407" type="stmt" count="0"/>
        <line num="408" type="stmt" count="0"/>
        <line num="412" type="stmt" count="0"/>
        <line num="413" type="stmt" count="0"/>
        <line num="415" type="stmt" count="0"/>
        <line num="416" type="stmt" count="0"/>
        <line num="417" type="stmt" count="0"/>
        <line num="418" type="stmt" count="0"/>
        <line num="419" type="stmt" count="0"/>
        <line num="420" type="stmt" count="0"/>
        <line num="423" type="stmt" count="0"/>
        <line num="424" type="stmt" count="0"/>
        <line num="425" type="stmt" count="0"/>
        <line num="426" type="stmt" count="0"/>
        <line num="427" type="stmt" count="0"/>
        <line num="428" type="stmt" count="0"/>
        <line num="429" type="stmt" count="0"/>
        <line num="436" type="stmt" count="0"/>
        <line num="437" type="stmt" count="0"/>
        <line num="438" type="stmt" count="0"/>
        <line num="439" type="stmt" count="0"/>
        <line num="440" type="stmt" count="0"/>
        <line num="442" type="stmt" count="0"/>
        <line num="443" type="stmt" count="0"/>
        <line num="444" type="stmt" count="0"/>
        <line num="445" type="stmt" count="0"/>
        <line num="446" type="stmt" count="0"/>
        <line num="447" type="stmt" count="0"/>
        <line num="449" type="stmt" count="0"/>
        <line num="452" type="stmt" count="0"/>
        <line num="453" type="stmt" count="0"/>
        <line num="454" type="stmt" count="0"/>
        <line num="456" type="stmt" count="0"/>
        <line num="460" type="stmt" count="0"/>
        <line num="461" type="stmt" count="0"/>
        <line num="462" type="stmt" count="0"/>
        <line num="463" type="stmt" count="0"/>
        <line num="464" type="stmt" count="0"/>
        <line num="467" type="stmt" count="0"/>
        <line num="471" type="stmt" count="0"/>
        <line num="472" type="stmt" count="0"/>
        <line num="473" type="stmt" count="0"/>
        <line num="474" type="stmt" count="0"/>
        <line num="477" type="stmt" count="0"/>
        <line num="478" type="stmt" count="0"/>
        <line num="480" type="stmt" count="0"/>
        <line num="481" type="stmt" count="0"/>
        <line num="482" type="stmt" count="0"/>
        <line num="484" type="stmt" count="0"/>
        <line num="485" type="stmt" count="0"/>
        <line num="488" type="stmt" count="0"/>
        <line num="489" type="stmt" count="0"/>
        <line num="490" type="stmt" count="0"/>
        <line num="491" type="stmt" count="0"/>
        <line num="492" type="stmt" count="0"/>
        <line num="493" type="stmt" count="0"/>
        <line num="494" type="stmt" count="0"/>
        <line num="502" type="stmt" count="0"/>
        <line num="504" type="stmt" count="0"/>
        <line num="506" type="stmt" count="0"/>
        <line num="507" type="stmt" count="0"/>
        <line num="508" type="stmt" count="0"/>
        <line num="509" type="stmt" count="0"/>
        <line num="513" type="stmt" count="0"/>
        <line num="514" type="stmt" count="0"/>
        <line num="517" type="stmt" count="0"/>
        <line num="518" type="stmt" count="0"/>
        <line num="519" type="stmt" count="0"/>
        <line num="520" type="stmt" count="0"/>
        <line num="521" type="stmt" count="0"/>
        <line num="522" type="stmt" count="0"/>
        <line num="523" type="stmt" count="0"/>
        <line num="524" type="stmt" count="0"/>
        <line num="525" type="stmt" count="0"/>
        <line num="526" type="stmt" count="0"/>
        <line num="527" type="stmt" count="0"/>
        <line num="531" type="stmt" count="0"/>
        <metrics loc="535" ncloc="238" classes="1" methods="22" coveredmethods="0" conditionals="0" coveredconditionals="0" statements="206" coveredstatements="0" elements="228" coveredelements="0"/>
      </file>
      <file name="/home/vagrant/claropay/api/app/Classes/Pagos/Procesadores/Bbva/InterredProxy.php">
        <class name="App\Classes\Pagos\Procesadores\Bbva\InterredProxy" namespace="App\Classes\Pagos\Procesadores\Bbva">
          <metrics complexity="6" methods="3" coveredmethods="0" conditionals="0" coveredconditionals="0" statements="27" coveredstatements="0" elements="30" coveredelements="0"/>
        </class>
        <line num="44" type="method" name="getDefaultMensaje" visibility="protected" complexity="1" crap="2.00" count="0"/>
        <line num="46" type="stmt" count="0"/>
        <line num="58" type="method" name="enviaMensaje" visibility="private" complexity="4" crap="20.00" count="0"/>
        <line num="62" type="stmt" count="0"/>
        <line num="70" type="stmt" count="0"/>
        <line num="71" type="stmt" count="0"/>
        <line num="73" type="stmt" count="0"/>
        <line num="74" type="stmt" count="0"/>
        <line num="79" type="stmt" count="0"/>
        <line num="80" type="stmt" count="0"/>
        <line num="81" type="stmt" count="0"/>
        <line num="83" type="stmt" count="0"/>
        <line num="84" type="stmt" count="0"/>
        <line num="85" type="stmt" count="0"/>
        <line num="86" type="stmt" count="0"/>
        <line num="87" type="stmt" count="0"/>
        <line num="89" type="stmt" count="0"/>
        <line num="90" type="stmt" count="0"/>
        <line num="91" type="stmt" count="0"/>
        <line num="93" type="stmt" count="0"/>
        <line num="94" type="stmt" count="0"/>
        <line num="95" type="stmt" count="0"/>
        <line num="97" type="stmt" count="0"/>
        <line num="98" type="stmt" count="0"/>
        <line num="100" type="stmt" count="0"/>
        <line num="117" type="method" name="__construct" visibility="public" complexity="1" crap="2.00" count="0"/>
        <line num="119" type="stmt" count="0"/>
        <line num="121" type="stmt" count="0"/>
        <line num="123" type="stmt" count="0"/>
        <line num="124" type="stmt" count="0"/>
        <metrics loc="127" ncloc="63" classes="1" methods="3" coveredmethods="0" conditionals="0" coveredconditionals="0" statements="27" coveredstatements="0" elements="30" coveredelements="0"/>
      </file>
      <file name="/home/vagrant/claropay/api/app/Classes/Pagos/Procesadores/Bbva/Mensaje.php">
        <class name="App\Classes\Pagos\Procesadores\Bbva\Mensaje" namespace="App\Classes\Pagos\Procesadores\Bbva">
          <metrics complexity="110" methods="17" coveredmethods="0" conditionals="0" coveredconditionals="0" statements="289" coveredstatements="0" elements="306" coveredelements="0"/>
        </class>
        <line num="288" type="method" name="__construct" visibility="public" complexity="1" crap="2.00" count="0"/>
        <line num="291" type="stmt" count="0"/>
        <line num="293" type="stmt" count="0"/>
        <line num="294" type="stmt" count="0"/>
        <line num="299" type="method" name="formateaCampo3" visibility="public" complexity="24" crap="600.00" count="0"/>
        <line num="301" type="stmt" count="0"/>
        <line num="303" type="stmt" count="0"/>
        <line num="305" type="stmt" count="0"/>
        <line num="306" type="stmt" count="0"/>
        <line num="308" type="stmt" count="0"/>
        <line num="309" type="stmt" count="0"/>
        <line num="311" type="stmt" count="0"/>
        <line num="312" type="stmt" count="0"/>
        <line num="314" type="stmt" count="0"/>
        <line num="315" type="stmt" count="0"/>
        <line num="317" type="stmt" count="0"/>
        <line num="318" type="stmt" count="0"/>
        <line num="320" type="stmt" count="0"/>
        <line num="321" type="stmt" count="0"/>
        <line num="323" type="stmt" count="0"/>
        <line num="324" type="stmt" count="0"/>
        <line num="326" type="stmt" count="0"/>
        <line num="327" type="stmt" count="0"/>
        <line num="329" type="stmt" count="0"/>
        <line num="330" type="stmt" count="0"/>
        <line num="332" type="stmt" count="0"/>
        <line num="333" type="stmt" count="0"/>
        <line num="335" type="stmt" count="0"/>
        <line num="336" type="stmt" count="0"/>
        <line num="338" type="stmt" count="0"/>
        <line num="339" type="stmt" count="0"/>
        <line num="341" type="stmt" count="0"/>
        <line num="344" type="stmt" count="0"/>
        <line num="346" type="stmt" count="0"/>
        <line num="347" type="stmt" count="0"/>
        <line num="349" type="stmt" count="0"/>
        <line num="350" type="stmt" count="0"/>
        <line num="352" type="stmt" count="0"/>
        <line num="355" type="stmt" count="0"/>
        <line num="357" type="stmt" count="0"/>
        <line num="358" type="stmt" count="0"/>
        <line num="360" type="stmt" count="0"/>
        <line num="361" type="stmt" count="0"/>
        <line num="364" type="stmt" count="0"/>
        <line num="367" type="stmt" count="0"/>
        <line num="369" type="stmt" count="0"/>
        <line num="370" type="stmt" count="0"/>
        <line num="372" type="stmt" count="0"/>
        <line num="373" type="stmt" count="0"/>
        <line num="376" type="stmt" count="0"/>
        <line num="377" type="stmt" count="0"/>
        <line num="380" type="stmt" count="0"/>
        <line num="383" type="stmt" count="0"/>
        <line num="389" type="method" name="formateaCampo4" visibility="public" complexity="1" crap="2.00" count="0"/>
        <line num="391" type="stmt" count="0"/>
        <line num="397" type="method" name="formateaCampo22" visibility="public" complexity="1" crap="2.00" count="0"/>
        <line num="399" type="stmt" count="0"/>
        <line num="411" type="stmt" count="0"/>
        <line num="417" type="stmt" count="0"/>
        <line num="419" type="stmt" count="0"/>
        <line num="425" type="method" name="formateaCampo35" visibility="public" complexity="1" crap="2.00" count="0"/>
        <line num="427" type="stmt" count="0"/>
        <line num="428" type="stmt" count="0"/>
        <line num="429" type="stmt" count="0"/>
        <line num="430" type="stmt" count="0"/>
        <line num="431" type="stmt" count="0"/>
        <line num="432" type="stmt" count="0"/>
        <line num="438" type="method" name="formateaCampo39" visibility="public" complexity="4" crap="20.00" count="0"/>
        <line num="441" type="stmt" count="0"/>
        <line num="443" type="stmt" count="0"/>
        <line num="445" type="stmt" count="0"/>
        <line num="446" type="stmt" count="0"/>
        <line num="448" type="stmt" count="0"/>
        <line num="449" type="stmt" count="0"/>
        <line num="451" type="stmt" count="0"/>
        <line num="454" type="stmt" count="0"/>
        <line num="460" type="method" name="formateaCampo41" visibility="public" complexity="1" crap="2.00" count="0"/>
        <line num="462" type="stmt" count="0"/>
        <line num="464" type="stmt" count="0"/>
        <line num="466" type="stmt" count="0"/>
        <line num="468" type="stmt" count="0"/>
        <line num="474" type="method" name="formateaCampo43" visibility="public" complexity="1" crap="2.00" count="0"/>
        <line num="476" type="stmt" count="0"/>
        <line num="478" type="stmt" count="0"/>
        <line num="480" type="stmt" count="0"/>
        <line num="482" type="stmt" count="0"/>
        <line num="484" type="stmt" count="0"/>
        <line num="486" type="stmt" count="0"/>
        <line num="492" type="method" name="formateaCampo48" visibility="public" complexity="2" crap="6.00" count="0"/>
        <line num="494" type="stmt" count="0"/>
        <line num="496" type="stmt" count="0"/>
        <line num="498" type="stmt" count="0"/>
        <line num="500" type="stmt" count="0"/>
        <line num="502" type="stmt" count="0"/>
        <line num="503" type="stmt" count="0"/>
        <line num="506" type="stmt" count="0"/>
        <line num="512" type="method" name="formateaCampo49" visibility="public" complexity="3" crap="12.00" count="0"/>
        <line num="514" type="stmt" count="0"/>
        <line num="516" type="stmt" count="0"/>
        <line num="517" type="stmt" count="0"/>
        <line num="518" type="stmt" count="0"/>
        <line num="519" type="stmt" count="0"/>
        <line num="522" type="stmt" count="0"/>
        <line num="528" type="method" name="formateaCampo55" visibility="public" complexity="1" crap="2.00" count="0"/>
        <line num="531" type="stmt" count="0"/>
        <line num="540" type="method" name="formateaCampo58" visibility="public" complexity="5" crap="30.00" count="0"/>
        <line num="543" type="stmt" count="0"/>
        <line num="544" type="stmt" count="0"/>
        <line num="548" type="stmt" count="0"/>
        <line num="550" type="stmt" count="0"/>
        <line num="556" type="stmt" count="0"/>
        <line num="557" type="stmt" count="0"/>
        <line num="559" type="stmt" count="0"/>
        <line num="565" type="stmt" count="0"/>
        <line num="567" type="stmt" count="0"/>
        <line num="569" type="stmt" count="0"/>
        <line num="572" type="stmt" count="0"/>
        <line num="574" type="stmt" count="0"/>
        <line num="576" type="stmt" count="0"/>
        <line num="578" type="stmt" count="0"/>
        <line num="580" type="stmt" count="0"/>
        <line num="583" type="stmt" count="0"/>
        <line num="589" type="method" name="formateaCampo59" visibility="public" complexity="1" crap="2.00" count="0"/>
        <line num="592" type="stmt" count="0"/>
        <line num="599" type="method" name="formateaCampo60" visibility="public" complexity="1" crap="2.00" count="0"/>
        <line num="601" type="stmt" count="0"/>
        <line num="603" type="stmt" count="0"/>
        <line num="605" type="stmt" count="0"/>
        <line num="607" type="stmt" count="0"/>
        <line num="609" type="stmt" count="0"/>
        <line num="611" type="stmt" count="0"/>
        <line num="617" type="method" name="formateaCampo63" visibility="public" complexity="60" crap="3660.00" count="0"/>
        <line num="619" type="stmt" count="0"/>
        <line num="620" type="stmt" count="0"/>
        <line num="622" type="stmt" count="0"/>
        <line num="623" type="stmt" count="0"/>
        <line num="627" type="stmt" count="0"/>
        <line num="628" type="stmt" count="0"/>
        <line num="629" type="stmt" count="0"/>
        <line num="630" type="stmt" count="0"/>
        <line num="631" type="stmt" count="0"/>
        <line num="632" type="stmt" count="0"/>
        <line num="633" type="stmt" count="0"/>
        <line num="634" type="stmt" count="0"/>
        <line num="637" type="stmt" count="0"/>
        <line num="638" type="stmt" count="0"/>
        <line num="640" type="stmt" count="0"/>
        <line num="644" type="stmt" count="0"/>
        <line num="645" type="stmt" count="0"/>
        <line num="655" type="stmt" count="0"/>
        <line num="657" type="stmt" count="0"/>
        <line num="658" type="stmt" count="0"/>
        <line num="659" type="stmt" count="0"/>
        <line num="660" type="stmt" count="0"/>
        <line num="661" type="stmt" count="0"/>
        <line num="662" type="stmt" count="0"/>
        <line num="663" type="stmt" count="0"/>
        <line num="664" type="stmt" count="0"/>
        <line num="665" type="stmt" count="0"/>
        <line num="666" type="stmt" count="0"/>
        <line num="667" type="stmt" count="0"/>
        <line num="668" type="stmt" count="0"/>
        <line num="669" type="stmt" count="0"/>
        <line num="673" type="stmt" count="0"/>
        <line num="676" type="stmt" count="0"/>
        <line num="677" type="stmt" count="0"/>
        <line num="678" type="stmt" count="0"/>
        <line num="679" type="stmt" count="0"/>
        <line num="680" type="stmt" count="0"/>
        <line num="681" type="stmt" count="0"/>
        <line num="683" type="stmt" count="0"/>
        <line num="684" type="stmt" count="0"/>
        <line num="685" type="stmt" count="0"/>
        <line num="686" type="stmt" count="0"/>
        <line num="687" type="stmt" count="0"/>
        <line num="688" type="stmt" count="0"/>
        <line num="689" type="stmt" count="0"/>
        <line num="695" type="stmt" count="0"/>
        <line num="698" type="stmt" count="0"/>
        <line num="699" type="stmt" count="0"/>
        <line num="703" type="stmt" count="0"/>
        <line num="706" type="stmt" count="0"/>
        <line num="707" type="stmt" count="0"/>
        <line num="709" type="stmt" count="0"/>
        <line num="710" type="stmt" count="0"/>
        <line num="717" type="stmt" count="0"/>
        <line num="719" type="stmt" count="0"/>
        <line num="720" type="stmt" count="0"/>
        <line num="721" type="stmt" count="0"/>
        <line num="722" type="stmt" count="0"/>
        <line num="723" type="stmt" count="0"/>
        <line num="724" type="stmt" count="0"/>
        <line num="725" type="stmt" count="0"/>
        <line num="726" type="stmt" count="0"/>
        <line num="727" type="stmt" count="0"/>
        <line num="728" type="stmt" count="0"/>
        <line num="729" type="stmt" count="0"/>
        <line num="731" type="stmt" count="0"/>
        <line num="737" type="stmt" count="0"/>
        <line num="739" type="stmt" count="0"/>
        <line num="740" type="stmt" count="0"/>
        <line num="741" type="stmt" count="0"/>
        <line num="742" type="stmt" count="0"/>
        <line num="743" type="stmt" count="0"/>
        <line num="744" type="stmt" count="0"/>
        <line num="745" type="stmt" count="0"/>
        <line num="746" type="stmt" count="0"/>
        <line num="747" type="stmt" count="0"/>
        <line num="749" type="stmt" count="0"/>
        <line num="755" type="stmt" count="0"/>
        <line num="756" type="stmt" count="0"/>
        <line num="768" type="stmt" count="0"/>
        <line num="772" type="stmt" count="0"/>
        <line num="773" type="stmt" count="0"/>
        <line num="781" type="stmt" count="0"/>
        <line num="783" type="stmt" count="0"/>
        <line num="784" type="stmt" count="0"/>
        <line num="785" type="stmt" count="0"/>
        <line num="786" type="stmt" count="0"/>
        <line num="787" type="stmt" count="0"/>
        <line num="788" type="stmt" count="0"/>
        <line num="789" type="stmt" count="0"/>
        <line num="790" type="stmt" count="0"/>
        <line num="791" type="stmt" count="0"/>
        <line num="792" type="stmt" count="0"/>
        <line num="793" type="stmt" count="0"/>
        <line num="796" type="stmt" count="0"/>
        <line num="798" type="stmt" count="0"/>
        <line num="799" type="stmt" count="0"/>
        <line num="800" type="stmt" count="0"/>
        <line num="801" type="stmt" count="0"/>
        <line num="802" type="stmt" count="0"/>
        <line num="805" type="stmt" count="0"/>
        <line num="807" type="stmt" count="0"/>
        <line num="809" type="stmt" count="0"/>
        <line num="810" type="stmt" count="0"/>
        <line num="811" type="stmt" count="0"/>
        <line num="812" type="stmt" count="0"/>
        <line num="813" type="stmt" count="0"/>
        <line num="816" type="stmt" count="0"/>
        <line num="818" type="stmt" count="0"/>
        <line num="820" type="stmt" count="0"/>
        <line num="822" type="stmt" count="0"/>
        <line num="826" type="stmt" count="0"/>
        <line num="829" type="stmt" count="0"/>
        <line num="830" type="stmt" count="0"/>
        <line num="831" type="stmt" count="0"/>
        <line num="833" type="stmt" count="0"/>
        <line num="834" type="stmt" count="0"/>
        <line num="835" type="stmt" count="0"/>
        <line num="836" type="stmt" count="0"/>
        <line num="837" type="stmt" count="0"/>
        <line num="838" type="stmt" count="0"/>
        <line num="839" type="stmt" count="0"/>
        <line num="841" type="stmt" count="0"/>
        <line num="843" type="stmt" count="0"/>
        <line num="844" type="stmt" count="0"/>
        <line num="845" type="stmt" count="0"/>
        <line num="846" type="stmt" count="0"/>
        <line num="847" type="stmt" count="0"/>
        <line num="848" type="stmt" count="0"/>
        <line num="850" type="stmt" count="0"/>
        <line num="852" type="stmt" count="0"/>
        <line num="853" type="stmt" count="0"/>
        <line num="854" type="stmt" count="0"/>
        <line num="855" type="stmt" count="0"/>
        <line num="857" type="stmt" count="0"/>
        <line num="858" type="stmt" count="0"/>
        <line num="859" type="stmt" count="0"/>
        <line num="860" type="stmt" count="0"/>
        <line num="861" type="stmt" count="0"/>
        <line num="862" type="stmt" count="0"/>
        <line num="864" type="stmt" count="0"/>
        <line num="865" type="stmt" count="0"/>
        <line num="866" type="stmt" count="0"/>
        <line num="881" type="stmt" count="0"/>
        <line num="882" type="stmt" count="0"/>
        <line num="883" type="stmt" count="0"/>
        <line num="884" type="stmt" count="0"/>
        <line num="885" type="stmt" count="0"/>
        <line num="889" type="stmt" count="0"/>
        <line num="890" type="stmt" count="0"/>
        <line num="891" type="stmt" count="0"/>
        <line num="892" type="stmt" count="0"/>
        <line num="899" type="stmt" count="0"/>
        <line num="900" type="stmt" count="0"/>
        <line num="901" type="stmt" count="0"/>
        <line num="902" type="stmt" count="0"/>
        <line num="904" type="stmt" count="0"/>
        <line num="910" type="method" name="formateaCampo90" visibility="public" complexity="1" crap="2.00" count="0"/>
        <line num="912" type="stmt" count="0"/>
        <line num="914" type="stmt" count="0"/>
        <line num="916" type="stmt" count="0"/>
        <line num="918" type="stmt" count="0"/>
        <line num="920" type="stmt" count="0"/>
        <line num="922" type="stmt" count="0"/>
        <line num="924" type="stmt" count="0"/>
        <line num="926" type="stmt" count="0"/>
        <line num="928" type="stmt" count="0"/>
        <line num="936" type="method" name="generateSystemsTraceAuditNumber" visibility="public" complexity="2" crap="6.00" count="0"/>
        <line num="940" type="stmt" count="0"/>
        <line num="941" type="stmt" count="0"/>
        <line num="942" type="stmt" count="0"/>
        <line num="943" type="stmt" count="0"/>
        <line num="944" type="stmt" count="0"/>
        <line num="946" type="stmt" count="0"/>
        <metrics loc="949" ncloc="471" classes="1" methods="17" coveredmethods="0" conditionals="0" coveredconditionals="0" statements="289" coveredstatements="0" elements="306" coveredelements="0"/>
      </file>
    </package>
    <package name="App\Classes\Pagos\Procesadores\Eglobal">
      <file name="/home/vagrant/claropay/api/app/Classes/Pagos/Procesadores/Eglobal/SocketServerMock.php">
        <class name="App\Classes\Pagos\Procesadores\Eglobal\SocketServerMock" namespace="App\Classes\Pagos\Procesadores\Eglobal">
          <metrics complexity="25" methods="10" coveredmethods="0" conditionals="0" coveredconditionals="0" statements="122" coveredstatements="0" elements="132" coveredelements="0"/>
        </class>
        <line num="39" type="method" name="__construct" visibility="public" complexity="1" crap="2.00" count="0"/>
        <line num="40" type="stmt" count="0"/>
        <line num="41" type="stmt" count="0"/>
        <line num="42" type="stmt" count="0"/>
        <line num="43" type="stmt" count="0"/>
        <line num="44" type="stmt" count="0"/>
        <line num="46" type="method" name="onOpen" visibility="public" complexity="1" crap="2.00" count="0"/>
        <line num="47" type="stmt" count="0"/>
        <line num="48" type="stmt" count="0"/>
        <line num="49" type="stmt" count="0"/>
        <line num="50" type="stmt" count="0"/>
        <line num="54" type="stmt" count="0"/>
        <line num="56" type="method" name="onMessage" visibility="public" complexity="10" crap="110.00" count="0"/>
        <line num="57" type="stmt" count="0"/>
        <line num="58" type="stmt" count="0"/>
        <line num="61" type="stmt" count="0"/>
        <line num="62" type="stmt" count="0"/>
        <line num="63" type="stmt" count="0"/>
        <line num="64" type="stmt" count="0"/>
        <line num="65" type="stmt" count="0"/>
        <line num="66" type="stmt" count="0"/>
        <line num="69" type="stmt" count="0"/>
        <line num="70" type="stmt" count="0"/>
        <line num="71" type="stmt" count="0"/>
        <line num="72" type="stmt" count="0"/>
        <line num="73" type="stmt" count="0"/>
        <line num="74" type="stmt" count="0"/>
        <line num="75" type="stmt" count="0"/>
        <line num="77" type="stmt" count="0"/>
        <line num="81" type="stmt" count="0"/>
        <line num="82" type="stmt" count="0"/>
        <line num="83" type="stmt" count="0"/>
        <line num="85" type="stmt" count="0"/>
        <line num="87" type="stmt" count="0"/>
        <line num="90" type="stmt" count="0"/>
        <line num="92" type="stmt" count="0"/>
        <line num="93" type="stmt" count="0"/>
        <line num="95" type="stmt" count="0"/>
        <line num="96" type="stmt" count="0"/>
        <line num="98" type="stmt" count="0"/>
        <line num="99" type="stmt" count="0"/>
        <line num="100" type="stmt" count="0"/>
        <line num="101" type="stmt" count="0"/>
        <line num="103" type="stmt" count="0"/>
        <line num="104" type="stmt" count="0"/>
        <line num="106" type="stmt" count="0"/>
        <line num="107" type="stmt" count="0"/>
        <line num="109" type="method" name="onClose" visibility="public" complexity="1" crap="2.00" count="0"/>
        <line num="111" type="stmt" count="0"/>
        <line num="113" type="stmt" count="0"/>
        <line num="114" type="stmt" count="0"/>
        <line num="115" type="stmt" count="0"/>
        <line num="116" type="stmt" count="0"/>
        <line num="118" type="method" name="onError" visibility="public" complexity="1" crap="2.00" count="0"/>
        <line num="119" type="stmt" count="0"/>
        <line num="120" type="stmt" count="0"/>
        <line num="130" type="method" name="sendMessage" visibility="private" complexity="2" crap="6.00" count="0"/>
        <line num="131" type="stmt" count="0"/>
        <line num="132" type="stmt" count="0"/>
        <line num="134" type="stmt" count="0"/>
        <line num="135" type="stmt" count="0"/>
        <line num="138" type="method" name="showConnectedClients" visibility="private" complexity="3" crap="12.00" count="0"/>
        <line num="139" type="stmt" count="0"/>
        <line num="140" type="stmt" count="0"/>
        <line num="141" type="stmt" count="0"/>
        <line num="142" type="stmt" count="0"/>
        <line num="143" type="stmt" count="0"/>
        <line num="145" type="stmt" count="0"/>
        <line num="147" type="stmt" count="0"/>
        <line num="148" type="stmt" count="0"/>
        <line num="150" type="method" name="ascii2hex" visibility="public" complexity="2" crap="6.00" count="0"/>
        <line num="151" type="stmt" count="0"/>
        <line num="152" type="stmt" count="0"/>
        <line num="153" type="stmt" count="0"/>
        <line num="154" type="stmt" count="0"/>
        <line num="155" type="stmt" count="0"/>
        <line num="157" type="stmt" count="0"/>
        <line num="164" type="method" name="isoRespuestaCompra" visibility="private" complexity="2" crap="6.00" count="0"/>
        <line num="167" type="stmt" count="0"/>
        <line num="169" type="stmt" count="0"/>
        <line num="170" type="stmt" count="0"/>
        <line num="171" type="stmt" count="0"/>
        <line num="172" type="stmt" count="0"/>
        <line num="173" type="stmt" count="0"/>
        <line num="174" type="stmt" count="0"/>
        <line num="175" type="stmt" count="0"/>
        <line num="176" type="stmt" count="0"/>
        <line num="177" type="stmt" count="0"/>
        <line num="178" type="stmt" count="0"/>
        <line num="179" type="stmt" count="0"/>
        <line num="180" type="stmt" count="0"/>
        <line num="181" type="stmt" count="0"/>
        <line num="182" type="stmt" count="0"/>
        <line num="183" type="stmt" count="0"/>
        <line num="184" type="stmt" count="0"/>
        <line num="185" type="stmt" count="0"/>
        <line num="186" type="stmt" count="0"/>
        <line num="187" type="stmt" count="0"/>
        <line num="188" type="stmt" count="0"/>
        <line num="189" type="stmt" count="0"/>
        <line num="190" type="stmt" count="0"/>
        <line num="193" type="stmt" count="0"/>
        <line num="194" type="stmt" count="0"/>
        <line num="195" type="stmt" count="0"/>
        <line num="196" type="stmt" count="0"/>
        <line num="197" type="stmt" count="0"/>
        <line num="198" type="stmt" count="0"/>
        <line num="202" type="method" name="isoRespuestaCancelacion" visibility="private" complexity="2" crap="6.00" count="0"/>
        <line num="205" type="stmt" count="0"/>
        <line num="207" type="stmt" count="0"/>
        <line num="208" type="stmt" count="0"/>
        <line num="209" type="stmt" count="0"/>
        <line num="210" type="stmt" count="0"/>
        <line num="211" type="stmt" count="0"/>
        <line num="212" type="stmt" count="0"/>
        <line num="213" type="stmt" count="0"/>
        <line num="214" type="stmt" count="0"/>
        <line num="215" type="stmt" count="0"/>
        <line num="216" type="stmt" count="0"/>
        <line num="217" type="stmt" count="0"/>
        <line num="218" type="stmt" count="0"/>
        <line num="219" type="stmt" count="0"/>
        <line num="220" type="stmt" count="0"/>
        <line num="221" type="stmt" count="0"/>
        <line num="222" type="stmt" count="0"/>
        <line num="223" type="stmt" count="0"/>
        <line num="224" type="stmt" count="0"/>
        <line num="227" type="stmt" count="0"/>
        <line num="228" type="stmt" count="0"/>
        <line num="229" type="stmt" count="0"/>
        <line num="230" type="stmt" count="0"/>
        <line num="231" type="stmt" count="0"/>
        <metrics loc="235" ncloc="107" classes="1" methods="10" coveredmethods="0" conditionals="0" coveredconditionals="0" statements="122" coveredstatements="0" elements="132" coveredelements="0"/>
      </file>
      <file name="/home/vagrant/claropay/api/app/Classes/Pagos/Procesadores/Eglobal/SocketServerProxy.php">
        <class name="App\Classes\Pagos\Procesadores\Eglobal\SocketServerProxy" namespace="App\Classes\Pagos\Procesadores\Eglobal">
          <metrics complexity="56" methods="14" coveredmethods="0" conditionals="0" coveredconditionals="0" statements="179" coveredstatements="0" elements="193" coveredelements="0"/>
        </class>
        <line num="96" type="method" name="sendMessage" visibility="private" complexity="1" crap="2.00" count="0"/>
        <line num="98" type="stmt" count="0"/>
        <line num="99" type="stmt" count="0"/>
        <line num="100" type="stmt" count="0"/>
        <line num="101" type="stmt" count="0"/>
        <line num="102" type="stmt" count="0"/>
        <line num="104" type="stmt" count="0"/>
        <line num="105" type="stmt" count="0"/>
        <line num="113" type="method" name="getEstadisticasProxy" visibility="private" complexity="2" crap="6.00" count="0"/>
        <line num="117" type="stmt" count="0"/>
        <line num="119" type="stmt" count="0"/>
        <line num="120" type="stmt" count="0"/>
        <line num="121" type="stmt" count="0"/>
        <line num="122" type="stmt" count="0"/>
        <line num="125" type="stmt" count="0"/>
        <line num="129" type="stmt" count="0"/>
        <line num="130" type="stmt" count="0"/>
        <line num="131" type="stmt" count="0"/>
        <line num="132" type="stmt" count="0"/>
        <line num="133" type="stmt" count="0"/>
        <line num="136" type="stmt" count="0"/>
        <line num="137" type="stmt" count="0"/>
        <line num="138" type="stmt" count="0"/>
        <line num="139" type="stmt" count="0"/>
        <line num="140" type="stmt" count="0"/>
        <line num="142" type="stmt" count="0"/>
        <line num="143" type="stmt" count="0"/>
        <line num="145" type="stmt" count="0"/>
        <line num="156" type="method" name="ascii2hex" visibility="private" complexity="2" crap="6.00" count="0"/>
        <line num="158" type="stmt" count="0"/>
        <line num="159" type="stmt" count="0"/>
        <line num="160" type="stmt" count="0"/>
        <line num="161" type="stmt" count="0"/>
        <line num="162" type="stmt" count="0"/>
        <line num="164" type="stmt" count="0"/>
        <line num="175" type="method" name="conectaEglobal" visibility="private" complexity="4" crap="20.00" count="0"/>
        <line num="178" type="stmt" count="0"/>
        <line num="180" type="stmt" count="0"/>
        <line num="181" type="stmt" count="0"/>
        <line num="182" type="stmt" count="0"/>
        <line num="184" type="stmt" count="0"/>
        <line num="185" type="stmt" count="0"/>
        <line num="186" type="stmt" count="0"/>
        <line num="187" type="stmt" count="0"/>
        <line num="189" type="stmt" count="0"/>
        <line num="190" type="stmt" count="0"/>
        <line num="191" type="stmt" count="0"/>
        <line num="192" type="stmt" count="0"/>
        <line num="194" type="stmt" count="0"/>
[...]
      <line num="24" type="stmt" count="0"/>
      <line num="25" type="stmt" count="0"/>
      <line num="27" type="stmt" count="0"/>
      <line num="45" type="stmt" count="1"/>
      <line num="46" type="stmt" count="1"/>
      <line num="47" type="stmt" count="1"/>
      <line num="48" type="stmt" count="1"/>
      <line num="49" type="stmt" count="1"/>
      <line num="51" type="stmt" count="1"/>
      <line num="52" type="stmt" count="0"/>
      <line num="54" type="stmt" count="1"/>
      <line num="72" type="stmt" count="1"/>
      <line num="75" type="stmt" count="1"/>
      <line num="76" type="stmt" count="1"/>
      <line num="77" type="stmt" count="1"/>
      <line num="78" type="stmt" count="1"/>
      <line num="79" type="stmt" count="1"/>
      <line num="81" type="stmt" count="1"/>
      <line num="82" type="stmt" count="1"/>
      <line num="84" type="stmt" count="1"/>
      <metrics loc="86" ncloc="34" classes="0" methods="0" coveredmethods="0" conditionals="0" coveredconditionals="0" statements="23" coveredstatements="16" elements="23" coveredelements="16"/>
    </file>
    <package name="App\Http">
      <file name="/home/vagrant/claropay/api/app/Http/Kernel.php">
        <class name="App\Http\Kernel" namespace="App\Http">
          <metrics complexity="0" methods="0" coveredmethods="0" conditionals="0" coveredconditionals="0" statements="0" coveredstatements="0" elements="0" coveredelements="0"/>
        </class>
        <metrics loc="68" ncloc="47" classes="0" methods="0" coveredmethods="0" conditionals="0" coveredconditionals="0" statements="0" coveredstatements="0" elements="0" coveredelements="0"/>
      </file>
    </package>
    <package name="App\Http\Middleware">
      <file name="/home/vagrant/claropay/api/app/Http/Middleware/CheckClientCredentials.php">
        <class name="App\Http\Middleware\CheckClientCredentials" namespace="App\Http\Middleware">
          <metrics complexity="8" methods="3" coveredmethods="1" conditionals="0" coveredconditionals="0" statements="18" coveredstatements="6" elements="21" coveredelements="7"/>
        </class>
        <line num="31" type="method" name="__construct" visibility="public" complexity="1" crap="1" count="1"/>
        <line num="33" type="stmt" count="1"/>
        <line num="34" type="stmt" count="1"/>
        <line num="45" type="method" name="handle" visibility="public" complexity="3" crap="4.94" count="1"/>
        <line num="47" type="stmt" count="1"/>
        <line num="50" type="stmt" count="1"/>
        <line num="53" type="stmt" count="0"/>
        <line num="55" type="stmt" count="0"/>
        <line num="56" type="stmt" count="0"/>
        <line num="57" type="stmt" count="0"/>
        <line num="59" type="stmt" count="1"/>
        <line num="60" type="stmt" count="1"/>
        <line num="63" type="stmt" count="0"/>
        <line num="65" type="stmt" count="0"/>
        <line num="76" type="method" name="validateScopes" visibility="protected" complexity="4" crap="20.00" count="0"/>
        <line num="78" type="stmt" count="0"/>
        <line num="79" type="stmt" count="0"/>
        <line num="82" type="stmt" count="0"/>
        <line num="83" type="stmt" count="0"/>
        <line num="84" type="stmt" count="0"/>
        <line num="87" type="stmt" count="0"/>
        <metrics loc="88" ncloc="53" classes="1" methods="3" coveredmethods="1" conditionals="0" coveredconditionals="0" statements="18" coveredstatements="6" elements="21" coveredelements="7"/>
      </file>
      <file name="/home/vagrant/claropay/api/app/Http/Middleware/Cors.php">
        <class name="App\Http\Middleware\Cors" namespace="App\Http\Middleware">
          <metrics complexity="1" methods="1" coveredmethods="1" conditionals="0" coveredconditionals="0" statements="4" coveredstatements="4" elements="5" coveredelements="5"/>
        </class>
        <line num="16" type="method" name="handle" visibility="public" complexity="1" crap="1" count="1"/>
        <line num="18" type="stmt" count="1"/>
        <line num="19" type="stmt" count="1"/>
        <line num="20" type="stmt" count="1"/>
        <line num="21" type="stmt" count="1"/>
        <metrics loc="24" ncloc="17" classes="1" methods="1" coveredmethods="1" conditionals="0" coveredconditionals="0" statements="4" coveredstatements="4" elements="5" coveredelements="5"/>
      </file>
      <file name="/home/vagrant/claropay/api/app/Http/Middleware/EncryptCookies.php">
        <class name="App\Http\Middleware\EncryptCookies" namespace="App\Http\Middleware">
          <metrics complexity="0" methods="0" coveredmethods="0" conditionals="0" coveredconditionals="0" statements="0" coveredstatements="0" elements="0" coveredelements="0"/>
        </class>
        <metrics loc="17" ncloc="10" classes="0" methods="0" coveredmethods="0" conditionals="0" coveredconditionals="0" statements="0" coveredstatements="0" elements="0" coveredelements="0"/>
      </file>
      <file name="/home/vagrant/claropay/api/app/Http/Middleware/RedirectIfAuthenticated.php">
        <class name="App\Http\Middleware\RedirectIfAuthenticated" namespace="App\Http\Middleware">
          <metrics complexity="2" methods="1" coveredmethods="0" conditionals="0" coveredconditionals="0" statements="3" coveredstatements="0" elements="4" coveredelements="0"/>
        </class>
        <line num="18" type="method" name="handle" visibility="public" complexity="2" crap="6.00" count="0"/>
        <line num="20" type="stmt" count="0"/>
        <line num="21" type="stmt" count="0"/>
        <line num="24" type="stmt" count="0"/>
        <metrics loc="26" ncloc="18" classes="1" methods="1" coveredmethods="0" conditionals="0" coveredconditionals="0" statements="3" coveredstatements="0" elements="4" coveredelements="0"/>
      </file>
      <file name="/home/vagrant/claropay/api/app/Http/Middleware/TrimStrings.php">
        <class name="App\Http\Middleware\TrimStrings" namespace="App\Http\Middleware">
          <metrics complexity="0" methods="0" coveredmethods="0" conditionals="0" coveredconditionals="0" statements="0" coveredstatements="0" elements="0" coveredelements="0"/>
        </class>
        <metrics loc="18" ncloc="13" classes="0" methods="0" coveredmethods="0" conditionals="0" coveredconditionals="0" statements="0" coveredstatements="0" elements="0" coveredelements="0"/>
      </file>
      <file name="/home/vagrant/claropay/api/app/Http/Middleware/VerifyCsrfToken.php">
        <class name="App\Http\Middleware\VerifyCsrfToken" namespace="App\Http\Middleware">
          <metrics complexity="0" methods="0" coveredmethods="0" conditionals="0" coveredconditionals="0" statements="0" coveredstatements="0" elements="0" coveredelements="0"/>
        </class>
        <metrics loc="17" ncloc="10" classes="0" methods="0" coveredmethods="0" conditionals="0" coveredconditionals="0" statements="0" coveredstatements="0" elements="0" coveredelements="0"/>
      </file>
    </package>
    <package name="App\Models">
      <file name="/home/vagrant/claropay/api/app/Models/Cliente.php">
        <class name="App\Models\Cliente" namespace="App\Models">
          <metrics complexity="6" methods="5" coveredmethods="2" conditionals="0" coveredconditionals="0" statements="11" coveredstatements="7" elements="16" coveredelements="9"/>
        </class>
        <line num="97" type="method" name="boot" visibility="public" complexity="2" crap="2.26" count="1"/>
        <line num="99" type="stmt" count="1"/>
        <line num="101" type="stmt" count="0"/>
        <line num="102" type="stmt" count="0"/>
        <line num="104" type="stmt" count="1"/>
        <line num="105" type="stmt" count="1"/>
        <line num="114" type="method" name="tarjetas" visibility="public" complexity="1" crap="2.00" count="0"/>
        <line num="116" type="stmt" count="0"/>
        <line num="122" type="method" name="suscripciones" visibility="public" complexity="1" crap="2.00" count="0"/>
        <line num="124" type="stmt" count="0"/>
        <line num="137" type="method" name="setDireccionAttribute" visibility="public" complexity="1" crap="1" count="1"/>
        <line num="139" type="stmt" count="1"/>
        <line num="140" type="stmt" count="1"/>
        <line num="148" type="method" name="setTelefonoAttribute" visibility="public" complexity="1" crap="1" count="1"/>
        <line num="150" type="stmt" count="1"/>
        <line num="151" type="stmt" count="1"/>
        <metrics loc="153" ncloc="63" classes="1" methods="5" coveredmethods="2" conditionals="0" coveredconditionals="0" statements="11" coveredstatements="7" elements="16" coveredelements="9"/>
      </file>
      <file name="/home/vagrant/claropay/api/app/Models/Transaccion.php">
        <class name="App\Models\Transaccion" namespace="App\Models">
          <metrics complexity="2" methods="1" coveredmethods="0" conditionals="0" coveredconditionals="0" statements="5" coveredstatements="0" elements="6" coveredelements="0"/>
        </class>
        <line num="76" type="method" name="boot" visibility="public" complexity="2" crap="6.00" count="0"/>
        <line num="78" type="stmt" count="0"/>
        <line num="80" type="stmt" count="0"/>
        <line num="81" type="stmt" count="0"/>
        <line num="83" type="stmt" count="0"/>
        <line num="84" type="stmt" count="0"/>
        <metrics loc="85" ncloc="45" classes="1" methods="1" coveredmethods="0" conditionals="0" coveredconditionals="0" statements="5" coveredstatements="0" elements="6" coveredelements="0"/>
      </file>
      <file name="/home/vagrant/claropay/api/app/Models/User.php">
        <class name="App\Models\User" namespace="App\Models">
          <metrics complexity="7" methods="2" coveredmethods="0" conditionals="0" coveredconditionals="0" statements="12" coveredstatements="0" elements="14" coveredelements="0"/>
        </class>
        <line num="57" type="method" name="getConfig" visibility="public" complexity="3" crap="12.00" count="0"/>
        <line num="59" type="stmt" count="0"/>
        <line num="60" type="stmt" count="0"/>
        <line num="61" type="stmt" count="0"/>
        <line num="62" type="stmt" count="0"/>
        <line num="65" type="stmt" count="0"/>
        <line num="73" type="method" name="getAfiliaciones" visibility="public" complexity="4" crap="20.00" count="0"/>
        <line num="75" type="stmt" count="0"/>
        <line num="76" type="stmt" count="0"/>
        <line num="77" type="stmt" count="0"/>
        <line num="78" type="stmt" count="0"/>
        <line num="79" type="stmt" count="0"/>
        <line num="80" type="stmt" count="0"/>
        <line num="83" type="stmt" count="0"/>
        <metrics loc="88" ncloc="54" classes="1" methods="2" coveredmethods="0" conditionals="0" coveredconditionals="0" statements="12" coveredstatements="0" elements="14" coveredelements="0"/>
      </file>
    </package>
    <package name="App\Models\Medios">
      <file name="/home/vagrant/claropay/api/app/Models/Medios/Tarjeta.php">
        <class name="App\Models\Medios\Tarjeta" namespace="App\Models\Medios">
          <metrics complexity="4" methods="3" coveredmethods="0" conditionals="0" coveredconditionals="0" statements="8" coveredstatements="0" elements="11" coveredelements="0"/>
        </class>
        <line num="96" type="method" name="boot" visibility="public" complexity="2" crap="6.00" count="0"/>
        <line num="98" type="stmt" count="0"/>
        <line num="100" type="stmt" count="0"/>
        <line num="101" type="stmt" count="0"/>
        <line num="103" type="stmt" count="0"/>
        <line num="104" type="stmt" count="0"/>
        <line num="113" type="method" name="cliente" visibility="public" complexity="1" crap="2.00" count="0"/>
        <line num="115" type="stmt" count="0"/>
        <line num="129" type="method" name="setDireccionAttribute" visibility="public" complexity="1" crap="2.00" count="0"/>
        <line num="131" type="stmt" count="0"/>
        <line num="132" type="stmt" count="0"/>
        <metrics loc="132" ncloc="43" classes="1" methods="3" coveredmethods="0" conditionals="0" coveredconditionals="0" statements="8" coveredstatements="0" elements="11" coveredelements="0"/>
      </file>
    </package>
    <package name="App\Models\Suscripciones">
      <file name="/home/vagrant/claropay/api/app/Models/Suscripciones/Plan.php">
        <class name="App\Models\Suscripciones\Plan" namespace="App\Models\Suscripciones">
          <metrics complexity="3" methods="2" coveredmethods="0" conditionals="0" coveredconditionals="0" statements="6" coveredstatements="0" elements="8" coveredelements="0"/>
        </class>
        <line num="96" type="method" name="boot" visibility="public" complexity="2" crap="6.00" count="0"/>
        <line num="98" type="stmt" count="0"/>
        <line num="100" type="stmt" count="0"/>
        <line num="101" type="stmt" count="0"/>
        <line num="103" type="stmt" count="0"/>
        <line num="104" type="stmt" count="0"/>
        <line num="113" type="method" name="suscripciones" visibility="public" complexity="1" crap="2.00" count="0"/>
        <line num="115" type="stmt" count="0"/>
        <metrics loc="121" ncloc="46" classes="1" methods="2" coveredmethods="0" conditionals="0" coveredconditionals="0" statements="6" coveredstatements="0" elements="8" coveredelements="0"/>
      </file>
      <file name="/home/vagrant/claropay/api/app/Models/Suscripciones/Suscripcion.php">
        <class name="App\Models\Suscripciones\Suscripcion" namespace="App\Models\Suscripciones">
          <metrics complexity="4" methods="3" coveredmethods="0" conditionals="0" coveredconditionals="0" statements="7" coveredstatements="0" elements="10" coveredelements="0"/>
        </class>
        <line num="98" type="method" name="boot" visibility="public" complexity="2" crap="6.00" count="0"/>
        <line num="100" type="stmt" count="0"/>
        <line num="102" type="stmt" count="0"/>
        <line num="103" type="stmt" count="0"/>
        <line num="105" type="stmt" count="0"/>
        <line num="106" type="stmt" count="0"/>
        <line num="115" type="method" name="plan" visibility="public" complexity="1" crap="2.00" count="0"/>
        <line num="117" type="stmt" count="0"/>
        <line num="123" type="method" name="cliente" visibility="public" complexity="1" crap="2.00" count="0"/>
        <line num="125" type="stmt" count="0"/>
        <metrics loc="131" ncloc="53" classes="1" methods="3" coveredmethods="0" conditionals="0" coveredconditionals="0" statements="7" coveredstatements="0" elements="10" coveredelements="0"/>
      </file>
    </package>
    <package name="App\Providers">
      <file name="/home/vagrant/claropay/api/app/Providers/AppServiceProvider.php">
        <class name="App\Providers\AppServiceProvider" namespace="App\Providers">
          <metrics complexity="2" methods="2" coveredmethods="2" conditionals="0" coveredconditionals="0" statements="2" coveredstatements="2" elements="4" coveredelements="4"/>
        </class>
        <line num="14" type="method" name="boot" visibility="public" complexity="1" crap="1" count="1"/>
        <line num="17" type="stmt" count="1"/>
        <line num="24" type="method" name="register" visibility="public" complexity="1" crap="1" count="1"/>
        <line num="27" type="stmt" count="1"/>
        <metrics loc="28" ncloc="14" classes="1" methods="2" coveredmethods="2" conditionals="0" coveredconditionals="0" statements="2" coveredstatements="2" elements="4" coveredelements="4"/>
      </file>
      <file name="/home/vagrant/claropay/api/app/Providers/AuthServiceProvider.php">
        <class name="App\Providers\AuthServiceProvider" namespace="App\Providers">
          <metrics complexity="2" methods="1" coveredmethods="1" conditionals="0" coveredconditionals="0" statements="5" coveredstatements="5" elements="6" coveredelements="6"/>
        </class>
        <line num="27" type="method" name="boot" visibility="public" complexity="2" crap="2" count="1"/>
        <line num="29" type="stmt" count="1"/>
        <line num="31" type="stmt" count="1"/>
        <line num="33" type="stmt" count="1"/>
        <line num="34" type="stmt" count="1"/>
        <line num="36" type="stmt" count="1"/>
        <metrics loc="37" ncloc="23" classes="1" methods="1" coveredmethods="1" conditionals="0" coveredconditionals="0" statements="5" coveredstatements="5" elements="6" coveredelements="6"/>
      </file>
      <file name="/home/vagrant/claropay/api/app/Providers/BroadcastServiceProvider.php">
        <class name="App\Providers\BroadcastServiceProvider" namespace="App\Providers">
          <metrics complexity="1" methods="1" coveredmethods="0" conditionals="0" coveredconditionals="0" statements="3" coveredstatements="0" elements="4" coveredelements="0"/>
        </class>
        <line num="15" type="method" name="boot" visibility="public" complexity="1" crap="2.00" count="0"/>
        <line num="17" type="stmt" count="0"/>
        <line num="19" type="stmt" count="0"/>
        <line num="20" type="stmt" count="0"/>
        <metrics loc="21" ncloc="16" classes="1" methods="1" coveredmethods="0" conditionals="0" coveredconditionals="0" statements="3" coveredstatements="0" elements="4" coveredelements="0"/>
      </file>
      <file name="/home/vagrant/claropay/api/app/Providers/EventServiceProvider.php">
        <class name="App\Providers\EventServiceProvider" namespace="App\Providers">
          <metrics complexity="1" methods="1" coveredmethods="1" conditionals="0" coveredconditionals="0" statements="2" coveredstatements="2" elements="3" coveredelements="3"/>
        </class>
        <line num="26" type="method" name="boot" visibility="public" complexity="1" crap="1" count="1"/>
        <line num="28" type="stmt" count="1"/>
        <line num="31" type="stmt" count="1"/>
        <metrics loc="32" ncloc="20" classes="1" methods="1" coveredmethods="1" conditionals="0" coveredconditionals="0" statements="2" coveredstatements="2" elements="3" coveredelements="3"/>
      </file>
      <file name="/home/vagrant/claropay/api/app/Providers/RouteServiceProvider.php">
        <class name="App\Providers\RouteServiceProvider" namespace="App\Providers">
          <metrics complexity="4" methods="4" coveredmethods="4" conditionals="0" coveredconditionals="0" statements="14" coveredstatements="14" elements="18" coveredelements="18"/>
        </class>
        <line num="24" type="method" name="boot" visibility="public" complexity="1" crap="1" count="1"/>
        <line num="28" type="stmt" count="1"/>
        <line num="29" type="stmt" count="1"/>
        <line num="36" type="method" name="map" visibility="public" complexity="1" crap="1" count="1"/>
        <line num="38" type="stmt" count="1"/>
        <line num="40" type="stmt" count="1"/>
        <line num="43" type="stmt" count="1"/>
        <line num="52" type="method" name="mapWebRoutes" visibility="protected" complexity="1" crap="1" count="1"/>
        <line num="54" type="stmt" count="1"/>
        <line num="55" type="stmt" count="1"/>
        <line num="56" type="stmt" count="1"/>
        <line num="57" type="stmt" count="1"/>
        <line num="58" type="stmt" count="1"/>
        <line num="67" type="method" name="mapApiRoutes" visibility="protected" complexity="1" crap="1" count="1"/>
        <line num="69" type="stmt" count="1"/>
        <line num="70" type="stmt" count="1"/>
        <line num="71" type="stmt" count="1"/>
        <line num="72" type="stmt" count="1"/>
        <metrics loc="73" ncloc="38" classes="1" methods="4" coveredmethods="4" conditionals="0" coveredconditionals="0" statements="14" coveredstatements="14" elements="18" coveredelements="18"/>
      </file>
    </package>
    <metrics files="73" loc="13704" ncloc="6689" classes="64" methods="326" coveredmethods="20" conditionals="0" coveredconditionals="0" statements="3984" coveredstatements="98" elements="4310" coveredelements="118"/>
  </project>
</coverage>
